<?xml version="1.0" encoding="UTF-8"?>
<!-- Generated by org.testng.reporters.JUnitXMLReporter -->
<testsuite hostname="welcome-PC" name="Make My trip Test Cases" tests="5" failures="1" timestamp="27 Apr 2019 11:47:20 GMT" time="114.678" errors="0">
  <testcase name="@BeforeMethod setupTest" time="0.0" classname="mmtTest.mmtFlightPageTest">
    <failure type="org.openqa.selenium.ElementClickInterceptedException" message="Element &amp;lt;a class=&amp;quot;primaryBtn font24 latoBlack widgetSearchBtn &amp;quot;&amp;gt; is not clickable at point (711,393) because another element &amp;lt;iframe id=&amp;quot;webklipper-publisher-widget-container-notification-frame&amp;quot; name=&amp;quot;notification-frame-~19714b447&amp;quot;&amp;gt; obscures it
Build info: version: &amp;apos;3.141.59&amp;apos;, revision: &amp;apos;e82be7d358&amp;apos;, time: &amp;apos;2018-11-14T08:17:03&amp;apos;
System info: host: &amp;apos;WELCOME-PC&amp;apos;, ip: &amp;apos;192.168.31.163&amp;apos;, os.name: &amp;apos;Windows 7&amp;apos;, os.arch: &amp;apos;x86&amp;apos;, os.version: &amp;apos;6.1&amp;apos;, java.version: &amp;apos;1.8.0_191&amp;apos;
Driver info: org.openqa.selenium.firefox.FirefoxDriver
Capabilities {acceptInsecureCerts: true, browserName: firefox, browserVersion: 65.0, javascriptEnabled: true, moz:accessibilityChecks: false, moz:geckodriverVersion: 0.23.0, moz:headless: false, moz:processID: 4948, moz:profile: C:\Users\welcome\AppData\Lo..., moz:shutdownTimeout: 60000, moz:useNonSpecCompliantPointerOrigin: false, moz:webdriverClick: true, pageLoadStrategy: normal, platform: WINDOWS, platformName: WINDOWS, platformVersion: 6.1, rotatable: false, setWindowRect: true, strictFileInteractability: false, timeouts: {implicit: 0, pageLoad: 300000, script: 30000}, unhandledPromptBehavior: dismiss and notify}
Session ID: 89642a58-e35b-4980-90ff-7d7ce197f965">
      <![CDATA[org.openqa.selenium.ElementClickInterceptedException: Element <a class="primaryBtn font24 latoBlack widgetSearchBtn "> is not clickable at point (711,393) because another element <iframe id="webklipper-publisher-widget-container-notification-frame" name="notification-frame-~19714b447"> obscures it
Build info: version: '3.141.59', revision: 'e82be7d358', time: '2018-11-14T08:17:03'
System info: host: 'WELCOME-PC', ip: '192.168.31.163', os.name: 'Windows 7', os.arch: 'x86', os.version: '6.1', java.version: '1.8.0_191'
Driver info: org.openqa.selenium.firefox.FirefoxDriver
Capabilities {acceptInsecureCerts: true, browserName: firefox, browserVersion: 65.0, javascriptEnabled: true, moz:accessibilityChecks: false, moz:geckodriverVersion: 0.23.0, moz:headless: false, moz:processID: 4948, moz:profile: C:\Users\welcome\AppData\Lo..., moz:shutdownTimeout: 60000, moz:useNonSpecCompliantPointerOrigin: false, moz:webdriverClick: true, pageLoadStrategy: normal, platform: WINDOWS, platformName: WINDOWS, platformVersion: 6.1, rotatable: false, setWindowRect: true, strictFileInteractability: false, timeouts: {implicit: 0, pageLoad: 300000, script: 30000}, unhandledPromptBehavior: dismiss and notify}
Session ID: 89642a58-e35b-4980-90ff-7d7ce197f965
	at org.openqa.selenium.remote.http.W3CHttpResponseCodec.createException(W3CHttpResponseCodec.java:187)
	at org.openqa.selenium.remote.http.W3CHttpResponseCodec.decode(W3CHttpResponseCodec.java:122)
	at org.openqa.selenium.remote.http.W3CHttpResponseCodec.decode(W3CHttpResponseCodec.java:49)
	at org.openqa.selenium.remote.HttpCommandExecutor.execute(HttpCommandExecutor.java:158)
	at org.openqa.selenium.remote.service.DriverCommandExecutor.execute(DriverCommandExecutor.java:83)
	at org.openqa.selenium.remote.RemoteWebDriver.execute(RemoteWebDriver.java:552)
	at org.openqa.selenium.remote.RemoteWebElement.execute(RemoteWebElement.java:285)
	at org.openqa.selenium.remote.RemoteWebElement.click(RemoteWebElement.java:84)
	at org.openqa.selenium.support.pagefactory.internal.LocatingElementHandler.invoke(LocatingElementHandler.java:51)
	at com.sun.proxy.$Proxy9.click(Unknown Source)
	at mmtPages.mmtHomePage.searchFlights(mmtHomePage.java:65)
	at mmtTest.mmtFlightPageTest.setupTest(mmtFlightPageTest.java:28)
... Removed 33 stack frames]]>
    </failure>
  </testcase> <!-- @BeforeMethod setupTest -->
  <testcase name="@AfterMethod teardown" time="0.0" classname="mmtTest.mmtFlightPageTest">
    <skipped/>
  </testcase> <!-- @AfterMethod teardown -->
  <testcase name="@BeforeMethod setupTest" time="0.0" classname="mmtTest.mmtFlightPageTest">
    <skipped/>
  </testcase> <!-- @BeforeMethod setupTest -->
  <testcase name="@AfterMethod teardown" time="0.0" classname="mmtTest.mmtFlightPageTest">
    <skipped/>
  </testcase> <!-- @AfterMethod teardown -->
  <testcase name="flightlistTest" time="9.789" classname="mmtTest.mmtFlightPageTest"/>
  <testcase name="nonstopflightlistTest" time="5.57" classname="mmtTest.mmtFlightPageTest"/>
  <testcase name="onestopflightlistTest" time="0.0" classname="mmtTest.mmtFlightPageTest">
    <skipped/>
  </testcase> <!-- onestopflightlistTest -->
  <testcase name="ValidatepriceTest" time="0.0" classname="mmtTest.mmtFlightPageTest">
    <skipped/>
  </testcase> <!-- ValidatepriceTest -->
  <testcase name="selectfromtolocationtest" time="11.28" classname="mmtTest.mmtHomePageTest">
    <failure type="java.lang.AssertionError" message="expected [https://www.makemytrip.com/flight/search?itinerary=DEL-BLR-25/04/2019_BLR-DEL-01/05/2019&amp;amp;tripType=R&amp;amp;paxType=A-1_C-0_I-0&amp;amp;intl=false&amp;amp;=&amp;amp;cabinClass=E] but found [https://www.makemytrip.com/flight/search?itinerary=DEL-BLR-27/04/2019_BLR-DEL-04/05/2019&amp;amp;tripType=R&amp;amp;paxType=A-1_C-0_I-0&amp;amp;intl=false&amp;amp;=&amp;amp;cabinClass=E]">
      <![CDATA[java.lang.AssertionError: expected [https://www.makemytrip.com/flight/search?itinerary=DEL-BLR-25/04/2019_BLR-DEL-01/05/2019&tripType=R&paxType=A-1_C-0_I-0&intl=false&=&cabinClass=E] but found [https://www.makemytrip.com/flight/search?itinerary=DEL-BLR-27/04/2019_BLR-DEL-04/05/2019&tripType=R&paxType=A-1_C-0_I-0&intl=false&=&cabinClass=E]
	at mmtTest.mmtHomePageTest.selectfromtolocationtest(mmtHomePageTest.java:37)
... Removed 29 stack frames]]>
    </failure>
  </testcase> <!-- selectfromtolocationtest -->
</testsuite> <!-- Make My trip Test Cases -->
